2023-07-20 10:47:55,116 - train - INFO - Embedding 100001 SMILES.
2023-07-20 10:48:30,693 - train - INFO - Number of pairs in train: 89911, valid: 9990, and test: 90.
2023-07-20 10:48:30,695 - train - INFO - MlpRegression(
  (layers): Sequential(
    (0): Linear(in_features=512, out_features=256, bias=True)
    (1): ReLU()
    (2): Linear(in_features=256, out_features=64, bias=True)
    (3): ReLU()
    (4): Linear(in_features=64, out_features=32, bias=True)
    (5): ReLU()
    (6): Linear(in_features=32, out_features=1, bias=True)
  )
)
2023-07-20 10:48:30,695 - trainer - WARNING - Warning: There's no GPU available on this machine,training will be performed on CPU.
2023-07-20 10:48:39,594 - trainer - INFO - epoch: 1
2023-07-20 10:48:39,598 - trainer - INFO -     train          : loss           : 12.15	rmse           : 3.29	mae            : 2.79	
2023-07-20 10:48:39,598 - trainer - INFO -     validation     : val_loss       : 11.74	val_rmse       : 3.26	val_mae        : 2.78	
2023-07-20 10:48:39,601 - trainer - INFO - Saving current best: model_best.pth ...
2023-07-20 10:48:48,523 - trainer - INFO - epoch: 2
2023-07-20 10:48:48,523 - trainer - INFO -     train          : loss           : 10.53	rmse           : 3.23	mae            : 2.74	
2023-07-20 10:48:48,523 - trainer - INFO -     validation     : val_loss       : 8.72	val_rmse       : 3.16	val_mae        : 2.67	
2023-07-20 10:48:48,523 - trainer - INFO - Saving current best: model_best.pth ...
2023-07-20 10:48:57,246 - trainer - INFO - epoch: 3
2023-07-20 10:48:57,246 - trainer - INFO -     train          : loss           : 7.98	rmse           : 3.13	mae            : 2.63	
2023-07-20 10:48:57,247 - trainer - INFO -     validation     : val_loss       : 7.53	val_rmse       : 3.10	val_mae        : 2.60	
2023-07-20 10:48:57,249 - trainer - INFO - Saving current best: model_best.pth ...
2023-07-20 10:49:05,928 - trainer - INFO - epoch: 4
2023-07-20 10:49:05,928 - trainer - INFO -     train          : loss           : 7.65	rmse           : 3.11	mae            : 2.60	
2023-07-20 10:49:05,928 - trainer - INFO -     validation     : val_loss       : 7.42	val_rmse       : 3.10	val_mae        : 2.60	
2023-07-20 10:49:05,933 - trainer - INFO - Saving current best: model_best.pth ...
2023-07-20 10:49:15,278 - trainer - INFO - epoch: 5
2023-07-20 10:49:15,278 - trainer - INFO -     train          : loss           : 7.54	rmse           : 3.11	mae            : 2.60	
2023-07-20 10:49:15,278 - trainer - INFO -     validation     : val_loss       : 7.31	val_rmse       : 3.09	val_mae        : 2.60	
2023-07-20 10:49:15,281 - trainer - INFO - Saving current best: model_best.pth ...
2023-07-20 10:49:15,281 - test - INFO - Loading checkpoint: ..\Result\checkpoints\finetuning_config\0720_104754\model_best.pth ...
2023-07-20 10:49:15,282 - test - INFO - Saving the tuned MLP model to ..\Result\checkpoints\finetuning_config\0720_104754\MLP.
2023-07-20 10:49:15,285 - test - INFO - {'rmse': 3.0566144, 'mae': 2.594681}
